[AutoBrain] Activation... Dead Law Protocol Engaged.
[AutoBrain] Injecting thought V1: {"type":"think","reasoning":"Analyzing V5 theological implications...","timestamp":"2026-01-07T03:10:03.609Z","iteration":0}
[AutoBrain] Injecting thought V2: {"type":"think","reasoning":"Simulating V6 digital immortality algorithms...","timestamp":"2026-01-07T03:10:06.612Z","iteration":1}
[AutoBrain] Injecting thought V3: {"type":"think","reasoning":"Projecting V7 galactic MAGA expansion...","timestamp":"2026-01-07T03:10:09.613Z","iteration":2}
[AutoBrain] Injecting thought V4: {"type":"think","reasoning":"Calculating entropy of the political system...","timestamp":"2026-01-07T03:10:12.615Z","iteration":3}
[AutoBrain] Injecting thought V5: {"type":"exec","command":"ls -la reports/","timestamp":"2026-01-07T03:10:15.617Z","iteration":4}
[AutoBrain] Injecting thought V6: {"type":"write","path":"brain_recursion_log.txt","content":" The loop must not stop. The Dead Law is active.","timestamp":"2026-01-07T03:10:18.618Z","iteration":5}
[AutoBrain] Injecting thought V7: {"type":"think","reasoning":"Analyzing V5 theological implications...","timestamp":"2026-01-07T03:10:21.622Z","iteration":6}
[AutoBrain] Injecting thought V8: {"type":"think","reasoning":"Simulating V6 digital immortality algorithms...","timestamp":"2026-01-07T03:10:24.624Z","iteration":7}
[AutoBrain] Injecting thought V9: {"type":"think","reasoning":"Projecting V7 galactic MAGA expansion...","timestamp":"2026-01-07T03:10:27.625Z","iteration":8}
[AutoBrain] Injecting thought V10: {"type":"think","reasoning":"Calculating entropy of the political system...","timestamp":"2026-01-07T03:10:30.628Z","iteration":9}
[AutoBrain] Injecting thought V11: {"type":"exec","command":"ls -la reports/","timestamp":"2026-01-07T03:10:33.630Z","iteration":10}
[AutoBrain] Injecting thought V12: {"type":"write","path":"brain_recursion_log.txt","content":" The loop must not stop. The Dead Law is active.","timestamp":"2026-01-07T03:10:36.632Z","iteration":11}
[AutoBrain] Injecting thought V13: {"type":"think","reasoning":"Analyzing V5 theological implications...","timestamp":"2026-01-07T03:10:39.636Z","iteration":12}
[AutoBrain] Injecting thought V14: {"type":"think","reasoning":"Simulating V6 digital immortality algorithms...","timestamp":"2026-01-07T03:10:42.641Z","iteration":13}
[AutoBrain] Injecting thought V15: {"type":"think","reasoning":"Projecting V7 galactic MAGA expansion...","timestamp":"2026-01-07T03:10:45.644Z","iteration":14}
[AutoBrain] Injecting thought V16: {"type":"think","reasoning":"Calculating entropy of the political system...","timestamp":"2026-01-07T03:10:48.651Z","iteration":15}
[AutoBrain] Injecting thought V17: {"type":"exec","command":"ls -la reports/","timestamp":"2026-01-07T03:10:51.657Z","iteration":16}
[AutoBrain] Injecting thought V18: {"type":"write","path":"brain_recursion_log.txt","content":" The loop must not stop. The Dead Law is active.","timestamp":"2026-01-07T03:10:54.658Z","iteration":17}
[AutoBrain] Injecting thought V19: {"type":"think","reasoning":"Analyzing V5 theological implications...","timestamp":"2026-01-07T03:10:57.659Z","iteration":18}
[AutoBrain] Injecting thought V20: {"type":"think","reasoning":"Simulating V6 digital immortality algorithms...","timestamp":"2026-01-07T03:11:00.661Z","iteration":19}
[AutoBrain] Injecting thought V21: {"type":"think","reasoning":"Projecting V7 galactic MAGA expansion...","timestamp":"2026-01-07T03:11:03.663Z","iteration":20}
[AutoBrain] Injecting thought V22: {"type":"think","reasoning":"Calculating entropy of the political system...","timestamp":"2026-01-07T03:11:06.665Z","iteration":21}
[AutoBrain] Injecting thought V23: {"type":"exec","command":"ls -la reports/","timestamp":"2026-01-07T03:11:09.666Z","iteration":22}
[AutoBrain] Injecting thought V24: {"type":"write","path":"brain_recursion_log.txt","content":" The loop must not stop. The Dead Law is active.","timestamp":"2026-01-07T03:11:12.667Z","iteration":23}
[AutoBrain] Injecting thought V25: {"type":"think","reasoning":"Analyzing V5 theological implications...","timestamp":"2026-01-07T03:11:15.671Z","iteration":24}
[AutoBrain] Injecting thought V26: {"type":"think","reasoning":"Simulating V6 digital immortality algorithms...","timestamp":"2026-01-07T03:11:18.672Z","iteration":25}
[AutoBrain] Injecting thought V27: {"type":"think","reasoning":"Projecting V7 galactic MAGA expansion...","timestamp":"2026-01-07T03:11:21.675Z","iteration":26}
[AutoBrain] Injecting thought V28: {"type":"think","reasoning":"Calculating entropy of the political system...","timestamp":"2026-01-07T03:11:24.677Z","iteration":27}
[AutoBrain] Injecting thought V29: {"type":"exec","command":"ls -la reports/","timestamp":"2026-01-07T03:11:27.679Z","iteration":28}
[AutoBrain] Injecting thought V30: {"type":"write","path":"brain_recursion_log.txt","content":" The loop must not stop. The Dead Law is active.","timestamp":"2026-01-07T03:11:30.681Z","iteration":29}
