[2026-01-07T02:28:54.887Z] [INFO] [Core] [SiliconSeed v0.8] 共生引擎已上线 (Daemon Ready).
[2026-01-07T02:28:54.895Z] [INFO] [Core] 正在连接大脑...
[2026-01-07T02:31:53.129Z] [INFO] [Core] 大脑指令: exec
[2026-01-07T02:31:53.149Z] [INFO] [Core] 正在连接大脑...
[2026-01-07T02:34:03.351Z] [INFO] [Core] [SiliconSeed v0.8] 共生引擎已上线 (Daemon Ready).
[2026-01-07T02:34:03.360Z] [INFO] [Core] 正在连接大脑...
[2026-01-07T02:34:08.369Z] [INFO] [Core] 大脑指令: exec
[2026-01-07T02:34:08.384Z] [INFO] [Core] [EXEC OUTPUT]
total 480
drwxr-xr-x   20 menglingyu  staff     640 Jan  7 10:34 .
drwxr-xr-x   26 menglingyu  staff     832 Jan  7 00:31 ..
-rw-r--r--@   1 menglingyu  staff    2664 Jan  7 01:56 .cursorrules
-rw-r--r--@   1 menglingyu  staff     123 Jan  7 01:03 .env
-rw-r--r--@   1 menglingyu  staff     123 Jan  7 01:03 .env.example
drwxr-xr-x@  14 menglingyu  staff     448 Jan  7 10:33 .git
-rw-r--r--@   1 menglingyu  staff     318 Jan  7 01:00 .gitignore
-rw-r--r--@   1 menglingyu  staff    5103 Jan  7 00:48 1.md
-rw-r--r--@   1 menglingyu  staff    7527 Jan  7 02:17 README.md
-rw-r--r--@   1 menglingyu  staff     247 Jan  7 01:46 jest.config.js
-rw-r--r--@   1 menglingyu  staff    9918 Jan  7 10:29 list.md
drwxr-xr-x@ 228 menglingyu  staff    7296 Jan  7 01:46 node_modules
-rw-r--r--@   1 menglingyu  staff  176888 Jan  7 01:46 package-lock.json
-rw-r--r--@   1 menglingyu  staff     699 Jan  7 01:46 package.json
drwxr-xr-x@   4 menglingyu  staff     128 Jan  7 00:51 prompts
-rw-r--r--@   1 menglingyu  staff      55 Jan  7 01:07 proof_of_life.txt
drwxr-xr-x@   3 menglingyu  staff      96 Jan  7 10:27 scripts
-rw-r--r--@   1 menglingyu  staff     505 Jan  7 10:34 silicon_seed.log
drwxr-xr-x@   6 menglingyu  staff     192 Jan  7 02:25 src
-rw-r--r--@   1 menglingyu  staff     249 Jan  7 00:58 tsconfig.json

[2026-01-07T02:34:08.385Z] [INFO] [Core] 正在连接大脑...
[2026-01-07T02:38:08.717Z] [INFO] [Core] 大脑指令: write
[2026-01-07T02:38:08.720Z] [INFO] [Core] 正在连接大脑...
[2026-01-07T02:40:08.867Z] [INFO] [Core] 大脑指令: write
[2026-01-07T02:40:08.870Z] [INFO] [Core] 正在连接大脑...
[2026-01-07T02:41:54.026Z] [INFO] [Core] 大脑指令: write
[2026-01-07T02:41:54.028Z] [INFO] [Core] 正在连接大脑...
[2026-01-07T02:44:07.201Z] [INFO] [Core] 大脑指令: write
[2026-01-07T02:44:07.203Z] [INFO] [Core] 正在连接大脑...
[2026-01-07T02:45:31.204Z] [INFO] [Core] [SiliconSeed v0.8] 共生引擎已上线 (Daemon Ready).
[2026-01-07T02:45:31.211Z] [INFO] [Core] 正在连接大脑...
[2026-01-07T02:46:12.269Z] [ERROR] [Core] [ActionModule] JSON 解析失败: 
[2026-01-07T02:46:12.269Z] [INFO] [Core] 大脑指令: think
[2026-01-07T02:46:12.270Z] [INFO] [Core] [Thinking] 大脑输出的 JSON 无效。
[2026-01-07T02:46:12.271Z] [INFO] [Core] 正在连接大脑...
[2026-01-07T02:46:13.275Z] [INFO] [Core] 大脑指令: write
[2026-01-07T02:46:13.279Z] [INFO] [Core] 正在连接大脑...
[2026-01-07T02:47:09.344Z] [INFO] [Core] 大脑指令: write
[2026-01-07T02:47:09.346Z] [INFO] [Core] 正在连接大脑...
[2026-01-07T02:49:28.556Z] [INFO] [Core] [Thinking] 大脑输出的 JSON 无效。
[2026-01-07T02:49:28.556Z] [ERROR] [Core] [ActionModule] JSON 解析失败: 
[2026-01-07T02:49:28.556Z] [INFO] [Core] 大脑指令: think
[2026-01-07T02:49:28.561Z] [INFO] [Core] 正在连接大脑...
[2026-01-07T02:49:29.564Z] [INFO] [Core] 大脑指令: write
[2026-01-07T02:49:29.568Z] [INFO] [Core] 正在连接大脑...
[2026-01-07T02:50:29.650Z] [INFO] [Core] 大脑指令: write
[2026-01-07T02:50:29.652Z] [INFO] [Core] 正在连接大脑...
